0
0
0
0
0.000324562
0.000324562
0.000324562
0.500325
0.500325
1.00032
1.00032
1.00032
1.00061
1.00061
1.00061
1.03186
1.03186
1.06311
1.06311
1.07873
1.07873
1.09436
1.09436
1.12561
1.12561
1.15686
1.15686
1.17248
1.17248
1.18029
1.18029
1.18811
1.18811
1.21936
1.21936
1.25061
1.25061
1.26623
1.26623
1.28186
1.28186
1.31311
1.31311
1.34436
1.34436
1.37561
1.37561
1.39123
1.39123
1.40686
1.40686
1.43811
1.43811
1.50061
1.50061
1.56311
1.56311
1.59436
1.59436
1.62561
1.62561
1.68811
1.68811
1.71936
1.71936
1.75061
1.75061
1.87561
1.87561
2.00061
2.00061
2.00061
4.87737
4.87737
4.87737
5.37737
5.37737
5.87737
5.87737
5.87737
6.00237
6.00237
6.12737
6.12737
6.25237
6.25237
6.31487
6.31487
6.37737
6.37737
6.40862
6.40862
6.43987
6.43987
6.47112
6.47112
6.48675
6.48675
6.50237
6.50237
6.53362
6.53362
6.56487
6.56487
6.5805
6.5805
6.59612
6.59612
6.61175
6.61175
6.62737
6.62737
6.643
6.643
6.65862
6.65862
6.67425
6.67425
6.68987
6.68987
6.7055
6.7055
6.71331
6.71331
6.72112
6.72112
6.73675
6.73675
6.75237
6.75237
6.768
6.768
6.77581
6.77581
6.77972
6.77972
6.78362
6.78362
6.79925
6.79925
6.81487
6.81487
6.8305
6.8305
6.83831
6.83831
6.84612
6.84612
6.86175
6.86175
6.87737
6.87737
6.87737
6.87926
6.87926
6.87926
7.37926
7.37926
7.87926
7.87926
7.87926
7.87945
7.87945
7.87945
7.88726
7.88726
7.89508
7.89508
7.9107
7.9107
7.91851
7.91851
7.92242
7.92242
7.92633
7.92633
7.93414
7.93414
7.94195
7.94195
7.95758
7.95758
7.9732
7.9732
8.00445
8.00445
8.0357
8.0357
8.06695
8.06695
8.12945
8.12945
8.37945
8.37945
8.62945
8.62945
8.69195
8.69195
8.7232
8.7232
8.75445
8.75445
8.7857
8.7857
8.80133
8.80133
8.81695
8.81695
8.82476
8.82476
8.83258
8.83258
8.84039
8.84039
8.8443
8.8443
8.8482
8.8482
8.85601
8.85601
8.86383
8.86383
8.87164
8.87164
8.87945
8.87945
8.87945
8.88089
8.88089
8.88089
9.88089
9.88089
9.88089
9.88386
9.88386
9.88386
9.89949
9.89949
9.91511
9.91511
9.94636
9.94636
9.96199
9.96199
9.97761
9.97761
9.99324
9.99324
10.0011
10.0011
10.0089
10.0089
10.0128
10.0128
10.0167
10.0167
10.0245
10.0245
10.0323
10.0323
10.0401
10.0401
10.0557
10.0557
10.0714
10.0714
10.0792
10.0792
10.087
10.087
10.1026
10.1026
10.1182
10.1182
10.1339
10.1339
10.1651
10.1651
10.1807
10.1807
10.1964
10.1964
10.2276
10.2276
10.2589
10.2589
10.2745
10.2745
10.2901
10.2901
10.3214
10.3214
10.3526
10.3526
10.3839
10.3839
10.4464
10.4464
10.5089
10.5089
10.6339
10.6339
10.7589
10.7589
10.8839
10.8839
10.8839
11.0089
11.0089
11.1339
11.1339
11.2589
11.2589
11.3214
11.3214
11.3839
11.3839
11.4151
11.4151
11.4464
11.4464
11.4776
11.4776
11.4932
11.4932
11.5089
11.5089
11.5401
11.5401
11.5714
11.5714
11.587
11.587
11.6026
11.6026
11.6339
11.6339
11.6495
11.6495
11.6573
11.6573
11.6651
11.6651
11.6964
11.6964
11.712
11.712
11.7276
11.7276
11.7354
11.7354
11.7393
11.7393
11.7432
11.7432
11.7511
11.7511
11.7589
11.7589
11.7745
11.7745
11.7901
11.7901
11.7979
11.7979
11.8018
11.8018
11.8057
11.8057
11.8214
11.8214
11.8526
11.8526
11.8682
11.8682
11.8839
11.8839
11.8839
12.8839
12.8839
12.8839
12.884
12.884
12.884
12.8918
12.8918
12.8996
12.8996
12.9074
12.9074
12.9153
12.9153
12.9192
12.9192
12.9231
12.9231
12.9309
12.9309
12.9387
12.9387
12.9465
12.9465
12.9621
12.9621
12.9778
12.9778
13.009
13.009
13.0403
13.0403
13.0715
13.0715
13.134
13.134
13.384
13.384
13.634
13.634
13.6965
13.6965
13.7278
13.7278
13.759
13.759
13.7903
13.7903
13.8059
13.8059
13.8215
13.8215
13.8293
13.8293
13.8371
13.8371
13.841
13.841
13.8449
13.8449
13.8528
13.8528
13.8684
13.8684
13.8762
13.8762
13.884
13.884
13.884
13.884
